<?xml version="1.0" encoding="UTF-8"?>
<!-- Generated by org.testng.reporters.JUnitReportReporter -->
<testsuite hostname="PPTLAP102" failures="0" tests="1" name="testcases.LoginTest" time="13.770" errors="0" timestamp="2024-08-28T21:08:05 IST" skipped="0">
  <testcase classname="testcases.LoginTest" name="login_test" time="13.770"/>
</testsuite> <!-- testcases.LoginTest -->
